<?xml version="1.0" encoding="UTF-8"?>
<testng-results ignored="0" total="1" passed="1" failed="0" skipped="0">
  <reporter-output>
  </reporter-output>
  <suite started-at="2025-07-18T05:27:39Z" name="Suite" finished-at="2025-07-18T05:27:45Z" duration-ms="5513">
    <groups>
    </groups>
    <test started-at="2025-07-18T05:27:39Z" name="Test" finished-at="2025-07-18T05:27:45Z" duration-ms="5513">
      <class name="packOne.ClassOne">
        <test-method signature="methodOneA()[pri:0, instance:packOne.ClassOne@289d1c02]" started-at="2025-07-18T05:27:39Z" name="methodOneA" finished-at="2025-07-18T05:27:45Z" duration-ms="5470" status="PASS">
          <reporter-output>
          </reporter-output>
        </test-method> <!-- methodOneA -->
      </class> <!-- packOne.ClassOne -->
    </test> <!-- Test -->
  </suite> <!-- Suite -->
</testng-results>
